Log file open, 09/10/18 20:32:24
LogWindows: Failed to load 'aqProf.dll' (GetLastError=126)
LogWindows: File 'aqProf.dll' does not exist
LogWindows: Failed to load 'VtuneApi.dll' (GetLastError=126)
LogWindows: File 'VtuneApi.dll' does not exist
LogWindows: Failed to load 'VtuneApi32e.dll' (GetLastError=126)
LogWindows: File 'VtuneApi32e.dll' does not exist
LogInit: Display: Running engine for game: OSPlatesformeur
LogPlatformFile: Not using cached read wrapper
LogTaskGraph: Started task graph with 5 named threads and 14 total threads with 3 sets of task threads.
LogStats: Stats thread started at 0.221207
LogD3D11RHI: Loaded GFSDK_Aftermath_Lib.x64.dll
LogICUInternationalization: Display: ICU TimeZone Detection - Raw Offset: -5:00, Platform Override: ''
LogPluginManager: Mounting plugin Paper2D
LogPluginManager: Mounting plugin AISupport
LogPluginManager: Mounting plugin LightPropagationVolume
LogPluginManager: Mounting plugin CLionSourceCodeAccess
LogPluginManager: Mounting plugin CodeLiteSourceCodeAccess
LogPluginManager: Mounting plugin GitSourceControl
LogPluginManager: Mounting plugin KDevelopSourceCodeAccess
LogPluginManager: Mounting plugin NullSourceCodeAccess
LogPluginManager: Mounting plugin PerforceSourceControl
LogPluginManager: Mounting plugin SubversionSourceControl
LogPluginManager: Mounting plugin UObjectPlugin
LogPluginManager: Mounting plugin VisualStudioCodeSourceCodeAccess
LogPluginManager: Mounting plugin VisualStudioSourceCodeAccess
LogPluginManager: Mounting plugin XCodeSourceCodeAccess
LogPluginManager: Mounting plugin AssetManagerEditor
LogPluginManager: Mounting plugin CryptoKeys
LogPluginManager: Mounting plugin DataValidation
LogPluginManager: Mounting plugin FacialAnimation
LogPluginManager: Mounting plugin GameplayTagsEditor
LogPluginManager: Mounting plugin MacGraphicsSwitching
LogPluginManager: Mounting plugin MeshEditor
LogPluginManager: Mounting plugin MobileLauncherProfileWizard
LogPluginManager: Mounting plugin PluginBrowser
LogPluginManager: Mounting plugin SpeedTreeImporter
LogPluginManager: Mounting plugin DatasmithContent
LogPluginManager: Mounting plugin AlembicImporter
LogPluginManager: Mounting plugin AppleImageUtils
LogPluginManager: Mounting plugin AppleVision
LogPluginManager: Mounting plugin BackChannel
LogPluginManager: Mounting plugin CharacterAI
LogPluginManager: Mounting plugin GeometryCache
LogPluginManager: Mounting plugin HTML5Networking
LogPluginManager: Mounting plugin ProxyLODPlugin
LogPluginManager: Mounting plugin MagicLeap
LogPluginManager: Mounting plugin MagicLeapEmulator
LogPluginManager: Mounting plugin MagicLeapMedia
LogPluginManager: Mounting plugin AndroidMedia
LogPluginManager: Mounting plugin AvfMedia
LogPluginManager: Mounting plugin ImgMedia
LogPluginManager: Mounting plugin LinearTimecode
LogPluginManager: Mounting plugin MediaCompositing
LogPluginManager: Mounting plugin MediaPlayerEditor
LogPluginManager: Mounting plugin WmfMedia
LogPluginManager: Mounting plugin TcpMessaging
LogPluginManager: Mounting plugin UdpMessaging
LogPluginManager: Mounting plugin ActorSequence
LogPluginManager: Mounting plugin LevelSequenceEditor
LogPluginManager: Mounting plugin MatineeToLevelSequence
LogPluginManager: Mounting plugin NetcodeUnitTest
LogPluginManager: Mounting plugin NUTUnrealEngine4
LogPluginManager: Mounting plugin OnlineSubsystemGooglePlay
LogPluginManager: Mounting plugin OnlineSubsystemIOS
LogPluginManager: Mounting plugin OnlineSubsystem
LogPluginManager: Mounting plugin OnlineSubsystemNull
LogPluginManager: Mounting plugin OnlineSubsystemUtils
LogPluginManager: Mounting plugin LauncherChunkInstaller
LogPluginManager: Mounting plugin AndroidDeviceProfileSelector
LogPluginManager: Mounting plugin AndroidMoviePlayer
LogPluginManager: Mounting plugin AndroidPermission
LogPluginManager: Mounting plugin AppleMoviePlayer
LogPluginManager: Mounting plugin ArchVisCharacter
LogPluginManager: Mounting plugin AudioCapture
LogPluginManager: Mounting plugin CableComponent
LogPluginManager: Mounting plugin CustomMeshComponent
LogPluginManager: Mounting plugin EditableMesh
LogPluginManager: Mounting plugin ExampleDeviceProfileSelector
LogPluginManager: Mounting plugin GoogleCloudMessaging
LogPluginManager: Mounting plugin ImmediatePhysics
LogPluginManager: Mounting plugin IOSDeviceProfileSelector
LogPluginManager: Mounting plugin LinuxDeviceProfileSelector
LogPluginManager: Mounting plugin LocationServicesBPLibrary
LogPluginManager: Mounting plugin MobilePatchingUtils
LogPluginManager: Mounting plugin OculusVR
LogPluginManager: Plugin shader directory ../../../Engine/Plugins/Runtime/Oculus/OculusVR/Shaders found
LogPluginManager: Mapping shader source directory ../../../Engine/Plugins/Runtime/Oculus/OculusVR/Shaders to virtual directory /Plugin/OculusVR
LogPluginManager: Mounting plugin PhysXVehicles
LogPluginManager: Mounting plugin ProceduralMeshComponent
LogPluginManager: Mounting plugin RuntimePhysXCooking
LogPluginManager: Mounting plugin SteamVR
LogPluginManager: Mounting plugin WindowsMoviePlayer
LogStreaming: Display: Took  0.188s to configure plugins.
LogInit: Using libcurl 7.55.1-DEV
LogInit:  - built for x86_64-pc-win32
LogInit:  - supports SSL with OpenSSL/1.0.2h
LogInit:  - supports HTTP deflate (compression) using libz 1.2.8
LogInit:  - other features:
LogInit:      CURL_VERSION_SSL
LogInit:      CURL_VERSION_LIBZ
LogInit:      CURL_VERSION_IPV6
LogInit:      CURL_VERSION_ASYNCHDNS
LogInit:      CURL_VERSION_LARGEFILE
LogInit:      CURL_VERSION_IDN
LogInit:  CurlRequestOptions (configurable via config and command line):
LogInit:  - bVerifyPeer = false  - Libcurl will NOT verify peer certificate
LogInit:  - bUseHttpProxy = false  - Libcurl will NOT use HTTP proxy
LogInit:  - bDontReuseConnections = false  - Libcurl will reuse connections
LogInit:  - CertBundlePath = nullptr  - Libcurl will use whatever was configured at build time.
LogInit:  - MaxHostConnections = 16  - Libcurl will limit the number of connections to a host
LogInit:  - LocalHostAddr = Default
LogInit:  - BufferSize = 65536
LogInit: WinSock: version 1.1 (2.2), MaxSocks=32767, MaxUdp=65467
LogInit: Build: ++UE4+Release-4.20-CL-4302132
LogInit: Engine Version: 4.20.2-4302132+++UE4+Release-4.20
LogInit: Compatible Engine Version: 4.20.0-4212847+++UE4+Release-4.20
LogInit: Net CL: 4212847
LogInit: OS: Windows 10 (), CPU: Intel(R) Core(TM) i5-4670K CPU @ 3.40GHz, GPU: NVIDIA GeForce GTX 970
LogInit: Compiled (64-bit): Aug 21 2018 02:06:06
LogInit: Compiled with Visual C++: 19.13.26129.00
LogInit: Build Configuration: Development
LogInit: Branch Name: ++UE4+Release-4.20
LogInit: Command Line: -EpicPortal 
LogInit: Base Directory: T:/Program Files/Epic Games/UE_4.20/Engine/Binaries/Win64/
LogInit: Installed Engine Build: 1
LogDevObjectVersion: Number of dev versions registered: 20
LogDevObjectVersion:   Dev-Blueprints (B0D832E4-1F89-4F0D-ACCF-7EB736FD4AA2): 10
LogDevObjectVersion:   Dev-Build (E1C64328-A22C-4D53-A36C-8E866417BD8C): 0
LogDevObjectVersion:   Dev-Core (375EC13C-06E4-48FB-B500-84F0262A717E): 2
LogDevObjectVersion:   Dev-Editor (E4B068ED-F494-42E9-A231-DA0B2E46BB41): 24
LogDevObjectVersion:   Dev-Framework (CFFC743F-43B0-4480-9391-14DF171D2073): 34
LogDevObjectVersion:   Dev-Mobile (B02B49B5-BB20-44E9-A304-32B752E40360): 2
LogDevObjectVersion:   Dev-Networking (A4E4105C-59A1-49B5-A7C5-40C4547EDFEE): 0
LogDevObjectVersion:   Dev-Online (39C831C9-5AE6-47DC-9A44-9C173E1C8E7C): 0
LogDevObjectVersion:   Dev-Physics (78F01B33-EBEA-4F98-B9B4-84EACCB95AA2): 0
LogDevObjectVersion:   Dev-Platform (6631380F-2D4D-43E0-8009-CF276956A95A): 0
LogDevObjectVersion:   Dev-Rendering (12F88B9F-8875-4AFC-A67C-D90C383ABD29): 26
LogDevObjectVersion:   Dev-Sequencer (7B5AE74C-D270-4C10-A958-57980B212A5A): 9
LogDevObjectVersion:   Dev-VR (D7296918-1DD6-4BDD-9DE2-64A83CC13884): 2
LogDevObjectVersion:   Dev-LoadTimes (C2A15278-BFE7-4AFE-6C17-90FF531DF755): 1
LogDevObjectVersion:   Private-Geometry (6EACA3D4-40EC-4CC1-B786-8BED09428FC5): 3
LogDevObjectVersion:   Dev-AnimPhys (29E575DD-E0A3-4627-9D10-D276232CDCEA): 17
LogDevObjectVersion:   Dev-ReflectionCapture (6B266CEC-1EC7-4B8F-A30B-E4D90942FC07): 1
LogDevObjectVersion:   Dev-Automation (0DF73D61-A23F-47EA-B727-89E90C41499A): 1
LogDevObjectVersion:   FortniteMain (601D1886-AC64-4F84-AA16-D3DE0DEAC7D6): 12
LogDevObjectVersion:   Dev-Enterprise (9DFFBCD6-494F-0158-E221-12823C92A888): 1
LogStreaming: Display: Took  0.000s to delete old logs.
LogInit: Presizing for max 8388607 objects, including 0 objects not considered by GC, pre-allocating 0 bytes for permanent pool.
LogInit: Object subsystem initialized
[2018.09.11-00.32.25:343][  0]LogInit: Selected Device Profile: [Windows]
[2018.09.11-00.32.25:343][  0]LogInit: Applying CVar settings loaded from the selected device profile: [Windows]
[2018.09.11-00.32.25:368][  0]LogHAL: Display: Platform has ~ 8 GB [8524316672 / 8589934592 / 8], which maps to Default [LargestMinGB=32, LargerMinGB=12, DefaultMinGB=8, SmallerMinGB=6, SmallestMinGB=0)
[2018.09.11-00.32.25:368][  0]LogInit: Setting Device Profile CVar: [[r.Vulkan.UseRealUBs:1]]
[2018.09.11-00.32.25:368][  0]LogInit: Going up to parent DeviceProfile []
[2018.09.11-00.32.25:373][  0]LogInit: Computer: MICHAEL
[2018.09.11-00.32.25:373][  0]LogInit: User: Michael
[2018.09.11-00.32.25:373][  0]LogInit: CPU Page size=4096, Cores=4
[2018.09.11-00.32.25:373][  0]LogInit: High frequency timer resolution =3.326086 MHz
[2018.09.11-00.32.25:373][  0]LogMemory: Memory total: Physical=7.9GB (8GB approx)
[2018.09.11-00.32.25:373][  0]LogMemory: Platform Memory Stats for Windows
[2018.09.11-00.32.25:373][  0]LogMemory: Process Physical Memory: 99.29 MB used, 99.29 MB peak
[2018.09.11-00.32.25:373][  0]LogMemory: Process Virtual Memory: 90.27 MB used, 90.27 MB peak
[2018.09.11-00.32.25:373][  0]LogMemory: Physical Memory: 6547.65 MB used,  1581.77 MB free, 8129.42 MB total
[2018.09.11-00.32.25:373][  0]LogMemory: Virtual Memory: 4631.29 MB used,  1581.77 MB free, 134217728.00 MB total
[2018.09.11-00.32.25:400][  0]LogInit: Using OS detected language (en-US).
[2018.09.11-00.32.25:400][  0]LogInit: Using OS detected locale (fr-CA).
[2018.09.11-00.32.25:403][  0]LogTextLocalizationManager: No specific localization for 'en-US' exists, so the 'en' localization will be used.
[2018.09.11-00.32.25:801][  0]LogStreaming: Display: Took  0.400s to InitEngineTextLocalization.
[2018.09.11-00.32.25:801][  0]LogInit: Setting process to per monitor DPI aware
[2018.09.11-00.32.25:867][  0]LogSlate: New Slate User Created.  User Index 0, Is Virtual User: 0
[2018.09.11-00.32.25:867][  0]LogSlate: Slate User Registered.  User Index 0, Is Virtual User: 0
[2018.09.11-00.32.27:737][  0]LogHMD: Failed to initialize OpenVR with code 100
[2018.09.11-00.32.27:737][  0]LogD3D11RHI: D3D11 adapters:
[2018.09.11-00.32.27:799][  0]LogD3D11RHI:    0. 'NVIDIA GeForce GTX 970' (Feature Level 11_0)
[2018.09.11-00.32.27:799][  0]LogD3D11RHI:       4043/0/4064 MB DedicatedVideo/DedicatedSystem/SharedSystem, Outputs:2, VendorId:0x10de
[2018.09.11-00.32.27:804][  0]LogD3D11RHI:    1. 'Microsoft Basic Render Driver' (Feature Level 11_0)
[2018.09.11-00.32.27:804][  0]LogD3D11RHI:       0/0/4064 MB DedicatedVideo/DedicatedSystem/SharedSystem, Outputs:0, VendorId:0x1414
[2018.09.11-00.32.27:804][  0]LogD3D11RHI: Chosen D3D11 Adapter: 0
[2018.09.11-00.32.27:811][  0]LogD3D11RHI: Creating new Direct3DDevice
[2018.09.11-00.32.27:811][  0]LogD3D11RHI:     GPU DeviceId: 0x13c2 (for the marketing name, search the web for "GPU Device Id")
[2018.09.11-00.32.27:811][  0]LogWindows: EnumDisplayDevices:
[2018.09.11-00.32.27:811][  0]LogWindows:    0. 'NVIDIA GeForce GTX 970' (P:1 D:1)
[2018.09.11-00.32.27:811][  0]LogWindows:    1. 'NVIDIA GeForce GTX 970' (P:0 D:1)
[2018.09.11-00.32.27:811][  0]LogWindows:    2. 'NVIDIA GeForce GTX 970' (P:0 D:0)
[2018.09.11-00.32.27:811][  0]LogWindows:    3. 'NVIDIA GeForce GTX 970' (P:0 D:0)
[2018.09.11-00.32.27:812][  0]LogWindows: DebugString: FoundDriverCount:4 
[2018.09.11-00.32.27:812][  0]LogD3D11RHI:     Adapter Name: NVIDIA GeForce GTX 970
[2018.09.11-00.32.27:812][  0]LogD3D11RHI:   Driver Version: 399.07 (internal:24.21.13.9907, unified:399.07)
[2018.09.11-00.32.27:812][  0]LogD3D11RHI:      Driver Date: 8-21-2018
[2018.09.11-00.32.27:812][  0]LogRHI: Texture pool is 2830 MB (70% of 4043 MB)
[2018.09.11-00.32.27:844][  0]LogD3D11RHI: Async texture creation enabled
[2018.09.11-00.32.27:893][  0]LogD3D11RHI: GPU Timing Frequency: 1000.000000 (Debug: 2 2)
[2018.09.11-00.32.27:941][  0]LogShaderCompilers: Guid format shader working directory is -28 characters bigger than the processId version (../../../../../../Unreal Projects/projet-unreal-2018-Mezeeh/OSPlatesformeur/Intermediate/Shaders/WorkingDirectory/19068/).
[2018.09.11-00.32.27:941][  0]LogShaderCompilers: Cleaned the shader compiler working directory 'C:/Users/Michael/AppData/Local/Temp/UnrealShaderWorkingDir/C95124E64AE496750ED25C8B0E745935/'.
[2018.09.11-00.32.28:358][  0]LogTemp: Display: Loaded TP AllDesktopTargetPlatform
[2018.09.11-00.32.28:370][  0]LogTemp: Display: Loaded TP MacClientTargetPlatform
[2018.09.11-00.32.28:382][  0]LogTemp: Display: Loaded TP MacNoEditorTargetPlatform
[2018.09.11-00.32.28:394][  0]LogTemp: Display: Loaded TP MacServerTargetPlatform
[2018.09.11-00.32.28:411][  0]LogTemp: Display: Loaded TP MacTargetPlatform
[2018.09.11-00.32.28:424][  0]LogTemp: Display: Loaded TP WindowsClientTargetPlatform
[2018.09.11-00.32.28:436][  0]LogTemp: Display: Loaded TP WindowsNoEditorTargetPlatform
[2018.09.11-00.32.28:449][  0]LogTemp: Display: Loaded TP WindowsServerTargetPlatform
[2018.09.11-00.32.28:455][  0]LogTemp: Display: Loaded TP WindowsTargetPlatform
[2018.09.11-00.32.28:537][  0]LogTemp: Display: Loaded TP AndroidTargetPlatform
[2018.09.11-00.32.28:537][  0]LogTemp: Display: Loaded TP AndroidTargetPlatform
[2018.09.11-00.32.28:537][  0]LogTemp: Display: Loaded TP AndroidTargetPlatform
[2018.09.11-00.32.28:537][  0]LogTemp: Display: Loaded TP AndroidTargetPlatform
[2018.09.11-00.32.28:537][  0]LogTemp: Display: Loaded TP AndroidTargetPlatform
[2018.09.11-00.32.28:537][  0]LogTemp: Display: Loaded TP AndroidTargetPlatform
[2018.09.11-00.32.28:537][  0]LogTemp: Display: Loaded TP AndroidTargetPlatform
[2018.09.11-00.32.28:537][  0]LogTemp: Display: Loaded TP AndroidTargetPlatform
[2018.09.11-00.32.28:537][  0]LogTemp: Display: Loaded TP AndroidTargetPlatform
[2018.09.11-00.32.28:537][  0]LogTemp: Display: Loaded TP AndroidTargetPlatform
[2018.09.11-00.32.28:537][  0]LogTemp: Display: Loaded TP AndroidTargetPlatform
[2018.09.11-00.32.28:537][  0]LogTemp: Display: Loaded TP AndroidTargetPlatform
[2018.09.11-00.32.28:537][  0]LogTemp: Display: Loaded TP AndroidTargetPlatform
[2018.09.11-00.32.28:537][  0]LogTemp: Display: Loaded TP AndroidTargetPlatform
[2018.09.11-00.32.28:537][  0]LogTemp: Display: Loaded TP AndroidTargetPlatform
[2018.09.11-00.32.28:537][  0]LogTemp: Display: Loaded TP AndroidTargetPlatform
[2018.09.11-00.32.28:537][  0]LogTemp: Display: Loaded TP AndroidTargetPlatform
[2018.09.11-00.32.28:537][  0]LogTemp: Display: Loaded TP AndroidTargetPlatform
[2018.09.11-00.32.28:543][  0]LogTemp: Display: Loaded TP HTML5TargetPlatform
[2018.09.11-00.32.28:610][  0]LogTemp: Display: Loaded TP IOSTargetPlatform
[2018.09.11-00.32.28:610][  0]LogTemp: Display: Loaded TP IOSTargetPlatform
[2018.09.11-00.32.28:632][  0]LogTemp: Display: Loaded TP TVOSTargetPlatform
[2018.09.11-00.32.28:632][  0]LogTemp: Display: Loaded TP TVOSTargetPlatform
[2018.09.11-00.32.28:645][  0]LogTemp: Display: Loaded TP LinuxClientTargetPlatform
[2018.09.11-00.32.28:658][  0]LogTemp: Display: Loaded TP LinuxNoEditorTargetPlatform
[2018.09.11-00.32.28:670][  0]LogTemp: Display: Loaded TP LinuxServerTargetPlatform
[2018.09.11-00.32.28:688][  0]LogTemp: Display: Loaded TP LinuxTargetPlatform
[2018.09.11-00.32.28:697][  0]LogTemp: Display: Loaded TP LuminTargetPlatform
[2018.09.11-00.32.28:697][  0]LogTargetPlatformManager: Display: Building Assets For Windows
[2018.09.11-00.32.28:768][  0]LogXGEController: Cannot use XGE Controller as Incredibuild is not installed on this machine.
[2018.09.11-00.32.28:768][  0]LogShaderCompilers: Cannot use XGE Shader Compiler as Incredibuild is not installed on this machine.
[2018.09.11-00.32.28:768][  0]LogShaderCompilers: Display: Using Local Shader Compiler.
[2018.09.11-00.32.30:453][  0]LogDerivedDataCache: Display: Max Cache Size: 512 MB
[2018.09.11-00.32.30:824][  0]LogDerivedDataCache: Loaded boot cache 0.37s 87MB C:/Users/Michael/AppData/Local/UnrealEngine/4.20/DerivedDataCache/Boot.ddc.
[2018.09.11-00.32.30:824][  0]LogDerivedDataCache: Display: Loaded Boot cache: C:/Users/Michael/AppData/Local/UnrealEngine/4.20/DerivedDataCache/Boot.ddc
[2018.09.11-00.32.30:824][  0]LogDerivedDataCache: FDerivedDataBackendGraph:  Pak pak cache file ../../../../../../Unreal Projects/projet-unreal-2018-Mezeeh/OSPlatesformeur/DerivedDataCache/DDC.ddp not found, will not use a pak cache.
[2018.09.11-00.32.30:824][  0]LogDerivedDataCache: Unable to find inner node Pak for hierarchical cache Hierarchy.
[2018.09.11-00.32.30:824][  0]LogDerivedDataCache: FDerivedDataBackendGraph:  CompressedPak pak cache file ../../../../../../Unreal Projects/projet-unreal-2018-Mezeeh/OSPlatesformeur/DerivedDataCache/Compressed.ddp not found, will not use a pak cache.
[2018.09.11-00.32.30:824][  0]LogDerivedDataCache: Unable to find inner node CompressedPak for hierarchical cache Hierarchy.
[2018.09.11-00.32.30:837][  0]LogDerivedDataCache: Display: Pak cache opened for reading ../../../Engine/DerivedDataCache/Compressed.ddp.
[2018.09.11-00.32.30:849][  0]LogDerivedDataCache: Using Local data cache path C:/Users/Michael/AppData/Local/UnrealEngine/Common/DerivedDataCache: Writable
[2018.09.11-00.32.30:849][  0]LogDerivedDataCache: Shared data cache path not found in *engine.ini, will not use an Shared cache.
[2018.09.11-00.32.30:849][  0]LogDerivedDataCache: Unable to find inner node Shared for hierarchical cache Hierarchy.
[2018.09.11-00.32.30:866][  0]LogMaterial: Verifying Global Shaders for PCD3D_SM5
[2018.09.11-00.32.30:867][  0]LogSlate: Using FreeType 2.6.0
[2018.09.11-00.32.30:887][  0]LogSlate: SlateFontServices - WITH_FREETYPE: 1, WITH_HARFBUZZ: 1
[2018.09.11-00.32.31:105][  0]LogAssetRegistry: FAssetRegistry took 0.0256 seconds to start up
[2018.09.11-00.32.31:410][  0]LogInit: Selected Device Profile: [Windows]
[2018.09.11-00.32.31:540][  0]LogSimplygon: Simplygon DLL not present - disabling.
[2018.09.11-00.32.31:545][  0]LogMeshReduction: Using SimplygonSwarm for distributed automatic mesh merging
[2018.09.11-00.32.31:545][  0]LogMeshReduction: Using ProxyLODMeshReduction for automatic mesh merging
[2018.09.11-00.32.31:545][  0]LogMeshReduction: Using QuadricMeshReduction for automatic static mesh reduction
[2018.09.11-00.32.31:545][  0]LogMeshReduction: No automatic skeletal mesh reduction module available
[2018.09.11-00.32.31:569][  0]LogNetVersion: OSPlatesformeur 1.0.0, NetCL: 4212847, EngineNetVer: 5, GameNetVer: 0 (Checksum: 910079016)
[2018.09.11-00.32.32:144][  0]LogPackageLocalizationCache: Processed 11 localized package path(s) for 2 prioritized culture(s) in 0.176763 seconds
[2018.09.11-00.32.32:149][  0]LogUObjectArray: 38425 objects as part of root set at end of initial load.
[2018.09.11-00.32.32:149][  0]LogUObjectAllocator: 6690864 out of 0 bytes used by permanent object pool.
[2018.09.11-00.32.32:149][  0]LogUObjectArray: CloseDisregardForGC: 0/0 objects in disregard for GC pool
[2018.09.11-00.32.34:695][  0]LogTcpMessaging: Initializing TcpMessaging bridge
[2018.09.11-00.32.34:709][  0]LogUdpMessaging: Initializing bridge on interface 0.0.0.0:0 to multicast group 230.0.0.1:6666.
[2018.09.11-00.32.34:894][  0]SourceControl: Source control is disabled
[2018.09.11-00.32.34:894][  0]SourceControl: Source control is disabled
[2018.09.11-00.32.34:897][  0]SourceControl: Source control is disabled
[2018.09.11-00.32.34:900][  0]SourceControl: Source control is disabled
[2018.09.11-00.32.35:113][  0]LogAndroidPermission: UAndroidPermissionCallbackProxy::GetInstance
[2018.09.11-00.32.35:175][  0]LogOcInput: OculusInput pre-init called
[2018.09.11-00.32.35:244][  0]LogEngine: Initializing Engine...
[2018.09.11-00.32.35:245][  0]LogHMD: Failed to initialize OpenVR with code 100
[2018.09.11-00.32.35:246][  0]LogStats: UGameplayTagsManager::ConstructGameplayTagTree: ImportINI prefixes -  0.000 s
[2018.09.11-00.32.35:246][  0]LogStats: UGameplayTagsManager::ConstructGameplayTagTree: Construct from data asset -  0.000 s
[2018.09.11-00.32.35:246][  0]LogStats: UGameplayTagsManager::ConstructGameplayTagTree: ImportINI -  0.000 s
[2018.09.11-00.32.35:246][  0]LogStats: UGameplayTagsManager::ConstructGameplayTagTree: GameplayTagTreeChangedEvent.Broadcast -  0.000 s
[2018.09.11-00.32.35:469][  0]LogInit: Initializing FReadOnlyCVARCache
[2018.09.11-00.32.35:482][  0]LogAIModule: Creating AISystem for world Untitled
[2018.09.11-00.32.35:494][  0]LogInit: XAudio2 using 'Speakers (Realtek High Definition Audio)' : 2 channels at 44.1 kHz using 16 bits per sample (channel mask 0x3)
[2018.09.11-00.32.35:505][  0]LogInit: FAudioDevice initialized.
[2018.09.11-00.32.35:506][  0]LogNetVersion: Set ProjectVersion to 1.0.0.0. Version Checksum will be recalculated on next use.
[2018.09.11-00.32.35:575][  0]LogDerivedDataCache: Saved boot cache 0.07s 71MB C:/Users/Michael/AppData/Local/UnrealEngine/4.20/DerivedDataCache/Boot.ddc.
[2018.09.11-00.32.35:578][  0]LogInit: Texture streaming: Enabled
[2018.09.11-00.32.35:594][  0]LogEngineSessionManager: EngineSessionManager initialized
[2018.09.11-00.32.35:609][  0]LogInit: Transaction tracking system initialized
[2018.09.11-00.32.35:633][  0]BlueprintLog: New page: Editor Load
[2018.09.11-00.32.35:717][  0]LocalizationService: Localization service is disabled
[2018.09.11-00.32.35:999][  0]LogCook: Display: Max memory allowance for cook 16384mb min free memory 0mb
[2018.09.11-00.32.35:999][  0]LogCook: Display: Mobile HDR setting 1
[2018.09.11-00.32.36:000][  0]LogGameplayTags: Display: UGameplayTagsManager::DoneAddingNativeTags. DelegateIsBound: 0
[2018.09.11-00.32.36:000][  0]LogStats: UGameplayTagsManager::ConstructGameplayTagTree: ImportINI prefixes -  0.000 s
[2018.09.11-00.32.36:000][  0]LogStats: UGameplayTagsManager::ConstructGameplayTagTree: Construct from data asset -  0.000 s
[2018.09.11-00.32.36:000][  0]LogStats: UGameplayTagsManager::ConstructGameplayTagTree: ImportINI -  0.000 s
[2018.09.11-00.32.36:000][  0]LogStats: UGameplayTagsManager::ConstructGameplayTagTree: GameplayTagTreeChangedEvent.Broadcast -  0.000 s
[2018.09.11-00.32.36:157][  0]LogFileCache: Scanning file cache for directory 'T:/Unreal Projects/projet-unreal-2018-Mezeeh/OSPlatesformeur/Content/' took 0.02s
[2018.09.11-00.32.36:157][  0]SourceControl: Source control is disabled
[2018.09.11-00.32.36:158][  0]Cmd: MAP LOAD FILE="../../../../../../Unreal Projects/projet-unreal-2018-Mezeeh/OSPlatesformeur/Content/ThirdPersonBP/Maps/ThirdPersonExampleMap.umap" TEMPLATE=0 SHOWPROGRESS=1 FEATURELEVEL=3
[2018.09.11-00.32.36:163][  0]LightingResults: New page: Lighting Build
[2018.09.11-00.32.36:165][  0]MapCheck: New page: Map Check
[2018.09.11-00.32.36:165][  0]LightingResults: New page: Lighting Build
[2018.09.11-00.32.36:867][  0]LogAIModule: Creating AISystem for world ThirdPersonExampleMap
[2018.09.11-00.32.36:896][  0]LogEditorServer: Finished looking for orphan Actors (0.000 secs)
[2018.09.11-00.32.36:916][  0]Cmd: MAP CHECKDEP NOCLEARLOG
[2018.09.11-00.32.37:067][  0]MapCheck: Map check complete: 0 Error(s), 0 Warning(s), took 150,596ms to complete.
[2018.09.11-00.32.37:067][  0]LogFileHelpers: Loading map 'ThirdPersonExampleMap' took 0.910
[2018.09.11-00.32.37:223][  0]LogSlate: Updating window title bar state: overlay mode, drag disabled, window buttons hidden, title bar hidden
[2018.09.11-00.32.37:231][  0]LogSlate: Updating window title bar state: overlay mode, drag disabled, window buttons hidden, title bar hidden
[2018.09.11-00.32.37:237][  0]LogSlate: Updating window title bar state: overlay mode, drag disabled, window buttons hidden, title bar hidden
[2018.09.11-00.32.37:244][  0]LogSlate: Updating window title bar state: overlay mode, drag disabled, window buttons hidden, title bar hidden
[2018.09.11-00.32.37:258][  0]LogCollectionManager: Loaded 0 collections in 0.001073 seconds
[2018.09.11-00.32.37:319][  0]LogFileCache: Scanning file cache for directory 'T:/Unreal Projects/projet-unreal-2018-Mezeeh/OSPlatesformeur/Saved/Collections/' took 0.01s
[2018.09.11-00.32.37:319][  0]LogFileCache: Scanning file cache for directory 'T:/Unreal Projects/projet-unreal-2018-Mezeeh/OSPlatesformeur/Content/Developers/Michael/Collections/' took 0.01s
[2018.09.11-00.32.37:320][  0]LogFileCache: Scanning file cache for directory 'T:/Unreal Projects/projet-unreal-2018-Mezeeh/OSPlatesformeur/Content/Collections/' took 0.01s
[2018.09.11-00.32.37:320][  0]LogCollectionManager: Rebuilt the GUID cache for 0 collections in 0.000000 seconds
[2018.09.11-00.32.37:331][  0]LogContentBrowser: Native class hierarchy populated in 0.0098 seconds. Added 2572 classes and 603 folders.
[2018.09.11-00.32.37:343][  0]LogContentBrowser: Native class hierarchy updated for 'WidgetCarousel' in 0.0002 seconds. Added 0 classes and 0 folders.
[2018.09.11-00.32.37:712][  0]LogContentBrowser: Native class hierarchy updated for 'AddContentDialog' in 0.0003 seconds. Added 0 classes and 0 folders.
[2018.09.11-00.32.37:733][  0]LogContentBrowser: Native class hierarchy updated for 'SceneOutliner' in 0.0003 seconds. Added 1 classes and 2 folders.
[2018.09.11-00.32.37:799][  0]LogSlate: FSceneViewport::OnFocusLost() reason 2
[2018.09.11-00.32.37:836][  0]LogSlate: Window 'Tutorials' being destroyed
[2018.09.11-00.32.37:865][  0]LogContentBrowser: Native class hierarchy updated for 'HierarchicalLODOutliner' in 0.0003 seconds. Added 0 classes and 0 folders.
[2018.09.11-00.32.37:865][  0]LogLoad: (Engine Initialization) Total time: 15.69 seconds
[2018.09.11-00.32.37:865][  0]LogLoad: (Engine Initialization) Total Blueprint compile time: 0.00 seconds
[2018.09.11-00.32.37:904][  0]LogContentStreaming: Texture pool size now 1000 MB
[2018.09.11-00.32.37:910][  0]LogSlate: Took 0.004480 seconds to synchronously load lazily loaded font '../../../Engine/Content/Slate/Fonts/Roboto-Regular.ttf' (155K)
[2018.09.11-00.32.37:916][  0]LogSlate: Took 0.004614 seconds to synchronously load lazily loaded font '../../../Engine/Content/Slate/Fonts/Roboto-Bold.ttf' (160K)
[2018.09.11-00.32.37:927][  0]LogSlate: Took 0.005795 seconds to synchronously load lazily loaded font '../../../Engine/Content/Editor/Slate/Fonts/FontAwesome.ttf' (139K)
[2018.09.11-00.32.38:084][  0]LogSlate: Took 0.004736 seconds to synchronously load lazily loaded font '../../../Engine/Content/Slate/Fonts/Roboto-Light.ttf' (167K)
[2018.09.11-00.32.38:109][  1]LogRenderer: Reallocating scene render targets to support 804x360 Format 10 NumSamples 1 (Frame:1).
[2018.09.11-00.32.38:125][  1]LogAssetRegistry: Asset discovery search completed in 7.0426 seconds
[2018.09.11-00.32.38:127][  1]LogCollectionManager: Rebuilt the object cache for 0 collections in 0.000000 seconds (found 0 objects)
[2018.09.11-00.32.38:127][  1]LogCollectionManager: Fixed up redirectors for 0 collections in 0.000055 seconds (updated 0 objects)
[2018.09.11-00.33.01:054][524]LogSlate: FSceneViewport::OnFocusLost() reason 0
[2018.09.11-00.42.19:230][586]LogRenderer: Reallocating scene render targets to support 1208x576 Format 10 NumSamples 1 (Frame:5201).
[2018.09.11-00.42.59:287][404]LogSlate: Took 0.000233 seconds to synchronously load lazily loaded font '../../../Engine/Content/Slate/Fonts/Roboto-Light.ttf' (167K)
[2018.09.11-00.42.59:301][404]LogFactory: FactoryCreateFile: StaticMesh with FbxFactory (0 0 E:/Downloads/portalbutton/portalbutton.obj)
[2018.09.11-00.42.59:326][404]LogFbx: Loading FBX Scene from E:/Downloads/portalbutton/portalbutton.obj
[2018.09.11-00.43.03:898][404]LogFbx: FBX Scene Loaded Succesfully
[2018.09.11-00.43.10:891][404]LogSlate: Window 'FBX Import Options' being destroyed
[2018.09.11-00.43.11:101][404]LogLinker: Can't find file '/Game/ThirdPersonBP/Button'
[2018.09.11-00.43.11:101][404]LogLinker: Can't find file '/Game/ThirdPersonBP/Button'
[2018.09.11-00.43.11:101][404]LogFbxMaterialImport: Warning: Unable to find Texture file D:\Modellek\portalbutton\Button.bmp
[2018.09.11-00.43.11:104][404]LogMaterial: Display: Missing cached shader map for material 01___Default, compiling. 
[2018.09.11-00.43.11:266][404]LogShaderCompilers: Display: Shaders left to compile 22
[2018.09.11-00.43.11:266][404]LogShaderCompilers: Display: Shaders left to compile 12
[2018.09.11-00.43.11:266][404]LogShaderCompilers: Display: Shaders left to compile 2
[2018.09.11-00.43.11:333][404]LogStaticMesh: Building static mesh portalbutton_Stm_button01...
[2018.09.11-00.43.11:610][404]LogStaticMesh: Built static mesh [0.28s] /Game/ThirdPersonBP/portalbutton_Stm_button01.portalbutton_Stm_button01
[2018.09.11-00.43.11:639][404]LogStaticMesh: Warning: portalbutton_Stm_button01 has some nearly zero tangents which can create some issues. (Tolerance of 1E-4)
[2018.09.11-00.43.11:639][404]LogStaticMesh: Warning: portalbutton_Stm_button01 has some nearly zero bi-normals which can create some issues. (Tolerance of 1E-4)
[2018.09.11-00.43.11:692][404]LogStaticMesh: Building static mesh portalbutton_Stm_button02...
[2018.09.11-00.43.11:714][404]LogStaticMesh: Built static mesh [0.02s] /Game/ThirdPersonBP/portalbutton_Stm_button02.portalbutton_Stm_button02
[2018.09.11-00.43.11:729][404]FBXImport: Warning: portalbutton_Stm_button01 has some nearly zero tangents which can create some issues. (Tolerance of 1E-4) 
[2018.09.11-00.43.11:729][404]FBXImport: Warning: portalbutton_Stm_button01 has some nearly zero bi-normals which can create some issues. (Tolerance of 1E-4) 
[2018.09.11-00.43.16:366][934]LogSlate: Window 'Message Log' being destroyed
[2018.09.11-00.43.16:368][934]LogSlate: Window 'Message Log' being destroyed
[2018.09.11-00.43.17:871][104]LogFileHelpers: Editor autosave (incl. sublevels) for '/Game/ThirdPersonBP/Maps/ThirdPersonExampleMap' took 0.021
[2018.09.11-00.43.17:874][104]OBJ SavePackage: Generating thumbnails for [1] asset(s) in package [/Game/ThirdPersonBP/portalbutton_Stm_button01] ([1] browsable assets)...
[2018.09.11-00.43.17:885][104]OBJ SavePackage:     Rendered thumbnail for [StaticMesh /Game/ThirdPersonBP/portalbutton_Stm_button01.portalbutton_Stm_button01]
[2018.09.11-00.43.17:885][104]OBJ SavePackage: Finished generating thumbnails for package [/Game/ThirdPersonBP/portalbutton_Stm_button01]
[2018.09.11-00.43.17:910][104]LogSavePackage: Moving '../../../../../../Unreal Projects/projet-unreal-2018-Mezeeh/OSPlatesformeur/Saved/portalbutton_Stm_button01_Auto18DA75CF641BE900B16F56E90FE78BE64.tmp' to '../../../../../../Unreal Projects/projet-unreal-2018-Mezeeh/OSPlatesformeur/Saved/Autosaves/Game/ThirdPersonBP/portalbutton_Stm_button01_Auto1.uasset'
[2018.09.11-00.43.17:914][104]OBJ SavePackage: Generating thumbnails for [1] asset(s) in package [/Game/ThirdPersonBP/01___Default] ([1] browsable assets)...
[2018.09.11-00.43.17:924][104]OBJ SavePackage:     Rendered thumbnail for [Material /Game/ThirdPersonBP/01___Default.01___Default]
[2018.09.11-00.43.17:924][104]OBJ SavePackage: Finished generating thumbnails for package [/Game/ThirdPersonBP/01___Default]
[2018.09.11-00.43.17:941][104]LogSavePackage: Moving '../../../../../../Unreal Projects/projet-unreal-2018-Mezeeh/OSPlatesformeur/Saved/01___Default_Auto19151A65F455085A43920B4BA1D5E6832.tmp' to '../../../../../../Unreal Projects/projet-unreal-2018-Mezeeh/OSPlatesformeur/Saved/Autosaves/Game/ThirdPersonBP/01___Default_Auto1.uasset'
[2018.09.11-00.43.17:944][104]OBJ SavePackage: Generating thumbnails for [1] asset(s) in package [/Game/ThirdPersonBP/portalbutton_Stm_button02] ([1] browsable assets)...
[2018.09.11-00.43.17:954][104]OBJ SavePackage:     Rendered thumbnail for [StaticMesh /Game/ThirdPersonBP/portalbutton_Stm_button02.portalbutton_Stm_button02]
[2018.09.11-00.43.17:954][104]OBJ SavePackage: Finished generating thumbnails for package [/Game/ThirdPersonBP/portalbutton_Stm_button02]
[2018.09.11-00.43.17:971][104]LogSavePackage: Moving '../../../../../../Unreal Projects/projet-unreal-2018-Mezeeh/OSPlatesformeur/Saved/portalbutton_Stm_button02_Auto11A6719C34E8ACCC9D3FF3F905C8851CA.tmp' to '../../../../../../Unreal Projects/projet-unreal-2018-Mezeeh/OSPlatesformeur/Saved/Autosaves/Game/ThirdPersonBP/portalbutton_Stm_button02_Auto1.uasset'
[2018.09.11-00.43.17:974][104]LogFileHelpers: Auto-saving content packages took 0.102
[2018.09.11-00.43.23:824][244]LogFactory: FactoryCreateFile: Texture with ReimportTextureFactory (0 0 E:\Downloads\portalbutton\Button.bmp)
[2018.09.11-00.43.23:834][244]LogTexture: Display: Building textures: Button (AutoDXT, 1024X1024)
[2018.09.11-00.45.01:317][162]LogSavePackage: Moving '../../../../../../Unreal Projects/projet-unreal-2018-Mezeeh/OSPlatesformeur/Saved/Button9DF09C72429182D6C8FA8186D027B16E.tmp' to '../../../../../../Unreal Projects/projet-unreal-2018-Mezeeh/OSPlatesformeur/Content/ThirdPersonBP/BoutonPression_BluePrint/Button.uasset'
[2018.09.11-00.45.01:355][162]LogSavePackage: Moving '../../../../../../Unreal Projects/projet-unreal-2018-Mezeeh/OSPlatesformeur/Saved/portalbutton_Stm_button01662168434FB85366878B13B348AB708B.tmp' to '../../../../../../Unreal Projects/projet-unreal-2018-Mezeeh/OSPlatesformeur/Content/ThirdPersonBP/BoutonPression_BluePrint/portalbutton_Stm_button01.uasset'
[2018.09.11-00.45.01:396][162]LogSavePackage: Moving '../../../../../../Unreal Projects/projet-unreal-2018-Mezeeh/OSPlatesformeur/Saved/portalbutton_Stm_button0204CE3C7947858DEA5ED70E85F1514A09.tmp' to '../../../../../../Unreal Projects/projet-unreal-2018-Mezeeh/OSPlatesformeur/Content/ThirdPersonBP/BoutonPression_BluePrint/portalbutton_Stm_button02.uasset'
[2018.09.11-00.45.03:761][410]LogMaterial: Warning: Material /Game/ThirdPersonBP/01___Default.01___Default needed to have new flag set bUsedWithStaticLighting !
[2018.09.11-00.45.03:764][410]LogMaterial: Display: Missing cached shader map for material 01___Default, compiling. 
[2018.09.11-00.45.03:797][411]LogShaderCompilers: Display: Shaders left to compile 31
[2018.09.11-00.45.03:797][411]LogShaderCompilers: Display: Shaders left to compile 21
[2018.09.11-00.45.03:797][411]LogShaderCompilers: Display: Shaders left to compile 11
[2018.09.11-00.45.05:102][559]Cmd: TRANSACTION UNDO
[2018.09.11-00.45.05:103][559]LogEditorTransaction: Undo Create Actors
[2018.09.11-00.45.06:535][720]LogSlate: FSceneViewport::OnFocusLost() reason 0
[2018.09.11-00.45.07:268][804]LogShaderCompilers: Display: Shaders left to compile 1
[2018.09.11-00.45.25:091][908]LogAssetEditorManager: Opening Asset editor for StaticMesh /Game/ThirdPersonBP/BoutonPression_BluePrint/portalbutton_Stm_button01.portalbutton_Stm_button01
[2018.09.11-00.45.25:650][908]LogSlate: Took 0.005748 seconds to synchronously load lazily loaded font '../../../Engine/Content/Slate/Fonts/Roboto-Italic.ttf' (157K)
[2018.09.11-00.45.39:376][527]LogSlate: Window 'portalbutton_Stm_button01' being destroyed
[2018.09.11-00.45.39:379][527]LogSlate: Window 'portalbutton_Stm_button01' being destroyed
[2018.09.11-00.45.46:933][412]LogAssetEditorManager: Opening Asset editor for StaticMesh /Game/ThirdPersonBP/BoutonPression_BluePrint/portalbutton_Stm_button01.portalbutton_Stm_button01
[2018.09.11-00.46.26:860][ 69]LogSlate: Window 'portalbutton_Stm_button01' being destroyed
[2018.09.11-00.46.26:862][ 69]LogSlate: Window 'portalbutton_Stm_button01' being destroyed
[2018.09.11-00.46.35:748][874]LogSlate: Window 'Delete Assets' being destroyed
[2018.09.11-00.47.05:382][ 38]LogFactory: FactoryCreateFile: Texture with ReimportTextureFactory (0 0 E:/Downloads/portalbutton/Button.bmp)
[2018.09.11-00.47.05:390][ 38]LogTexture: Display: Building textures: Button (AutoDXT, 1024X1024)
[2018.09.11-00.47.05:583][ 38]LogFactory: FactoryCreateFile: StaticMesh with FbxFactory (0 0 E:/Downloads/portalbutton/portalbutton.obj)
[2018.09.11-00.47.05:593][ 38]LogFbx: Loading FBX Scene from E:/Downloads/portalbutton/portalbutton.obj
[2018.09.11-00.47.10:176][ 38]LogFbx: FBX Scene Loaded Succesfully
[2018.09.11-00.47.22:691][ 38]LogSlate: Window 'FBX Import Options' being destroyed
[2018.09.11-00.47.22:717][ 38]LogFbxMaterialImport: Warning: Unable to find Texture file D:\Modellek\portalbutton\Button.bmp
[2018.09.11-00.47.22:720][ 38]LogMaterial: Display: Missing cached shader map for material 01___Default, compiling. 
[2018.09.11-00.47.22:840][ 38]LogShaderCompilers: Display: Shaders left to compile 22
[2018.09.11-00.47.22:840][ 38]LogShaderCompilers: Display: Shaders left to compile 12
[2018.09.11-00.47.22:840][ 38]LogShaderCompilers: Display: Shaders left to compile 2
[2018.09.11-00.47.22:904][ 38]LogStaticMesh: Building static mesh portalbutton_Stm_button01...
[2018.09.11-00.47.23:184][ 38]LogStaticMesh: Built static mesh [0.28s] /Game/ThirdPersonBP/BoutonPressoir_BluePrint/portalbutton_Stm_button01.portalbutton_Stm_button01
[2018.09.11-00.47.23:211][ 38]LogStaticMesh: Warning: portalbutton_Stm_button01 has some nearly zero tangents which can create some issues. (Tolerance of 1E-4)
[2018.09.11-00.47.23:211][ 38]LogStaticMesh: Warning: portalbutton_Stm_button01 has some nearly zero bi-normals which can create some issues. (Tolerance of 1E-4)
[2018.09.11-00.47.23:262][ 38]LogStaticMesh: Building static mesh portalbutton_Stm_button02...
[2018.09.11-00.47.23:284][ 38]LogStaticMesh: Built static mesh [0.02s] /Game/ThirdPersonBP/BoutonPressoir_BluePrint/portalbutton_Stm_button02.portalbutton_Stm_button02
[2018.09.11-00.47.23:302][ 38]FBXImport: Warning: portalbutton_Stm_button01 has some nearly zero tangents which can create some issues. (Tolerance of 1E-4) 
[2018.09.11-00.47.23:302][ 38]FBXImport: Warning: portalbutton_Stm_button01 has some nearly zero bi-normals which can create some issues. (Tolerance of 1E-4) 
[2018.09.11-00.47.25:249][257]LogSlate: Window 'Message Log' being destroyed
[2018.09.11-00.47.25:251][257]LogSlate: Window 'Message Log' being destroyed
[2018.09.11-00.47.32:355][874]LogSlate: Window 'Delete Assets' being destroyed
[2018.09.11-00.47.38:668][620]LogAssetEditorManager: Opening Asset editor for StaticMesh /Game/ThirdPersonBP/BoutonPressoir_BluePrint/portalbutton_Stm_button01.portalbutton_Stm_button01
[2018.09.11-00.47.52:648][232]LogSlate: FSceneViewport::OnFocusLost() reason 0
[2018.09.11-00.47.52:732][242]LogSlate: Window 'portalbutton_Stm_button01*' being destroyed
[2018.09.11-00.47.52:734][242]LogSlate: Window 'portalbutton_Stm_button01*' being destroyed
[2018.09.11-00.47.54:300][417]LogActorFactory: Actor Factory created portalbutton_Stm_button01
[2018.09.11-00.47.55:689][575]LogActorFactory: Actor Factory created portalbutton_Stm_button01
[2018.09.11-00.47.58:825][941]LogSlate: FSceneViewport::OnFocusLost() reason 0
[2018.09.11-00.48.05:630][752]Cmd: TRANSACTION UNDO
[2018.09.11-00.48.05:630][752]LogEditorTransaction: Undo Rotate Actors
[2018.09.11-00.48.06:042][798]Cmd: TRANSACTION UNDO
[2018.09.11-00.48.06:042][798]LogEditorTransaction: Undo Create Actors
[2018.09.11-00.48.07:093][921]LogSlate: FSceneViewport::OnFocusLost() reason 0
[2018.09.11-00.48.07:237][937]LogActorFactory: Actor Factory created portalbutton_Stm_button02
[2018.09.11-00.48.08:072][ 29]LogActorFactory: Actor Factory created portalbutton_Stm_button02
[2018.09.11-00.48.08:669][ 95]Cmd: TRANSACTION UNDO
[2018.09.11-00.48.08:669][ 95]LogEditorTransaction: Undo Create Actors
[2018.09.11-00.48.09:472][190]LogSlate: FSceneViewport::OnFocusLost() reason 0
[2018.09.11-00.48.10:234][277]LogMaterial: Warning: Material /Game/ThirdPersonBP/BoutonPressoir_BluePrint/01___Default.01___Default needed to have new flag set bUsedWithStaticLighting !
[2018.09.11-00.48.10:238][277]LogMaterial: Display: Missing cached shader map for material 01___Default, compiling. 
[2018.09.11-00.48.10:258][278]LogShaderCompilers: Display: Shaders left to compile 31
[2018.09.11-00.48.10:258][278]LogShaderCompilers: Display: Shaders left to compile 21
[2018.09.11-00.48.10:258][278]LogShaderCompilers: Display: Shaders left to compile 11
[2018.09.11-00.48.10:951][357]Cmd: TRANSACTION UNDO
[2018.09.11-00.48.10:951][357]LogEditorTransaction: Undo Create Actors
[2018.09.11-00.48.13:480][646]LogSlate: FSceneViewport::OnFocusLost() reason 0
[2018.09.11-00.48.13:901][695]LogShaderCompilers: Display: Shaders left to compile 1
[2018.09.11-00.48.18:945][125]LogSlate: Window 'Delete Assets' being destroyed
[2018.09.11-00.48.49:202][ 67]LogSlate: Window 'Pick Parent Class' being destroyed
[2018.09.11-00.48.55:655][702]LogSlate: Window 'Delete Assets' being destroyed
[2018.09.11-00.50.30:856][988]LogFactory: FactoryCreateFile: Texture with ReimportTextureFactory (0 0 E:/Downloads/portalbutton/Button.bmp)
[2018.09.11-00.50.30:865][988]LogTexture: Display: Building textures: Button (AutoDXT, 1024X1024)
[2018.09.11-00.50.31:041][988]LogFactory: FactoryCreateFile: StaticMesh with FbxFactory (0 0 E:/Downloads/portalbutton/portalbutton.obj)
[2018.09.11-00.50.31:052][988]LogFbx: Loading FBX Scene from E:/Downloads/portalbutton/portalbutton.obj
[2018.09.11-00.50.35:659][988]LogFbx: FBX Scene Loaded Succesfully
[2018.09.11-00.50.44:860][988]LogSlate: Window 'FBX Import Options' being destroyed
[2018.09.11-00.50.44:880][988]LogFbxMaterialImport: Warning: Unable to find Texture file D:\Modellek\portalbutton\Button.bmp
[2018.09.11-00.50.44:884][988]LogMaterial: Display: Missing cached shader map for material 01___Default, compiling. 
[2018.09.11-00.50.45:006][988]LogShaderCompilers: Display: Shaders left to compile 22
[2018.09.11-00.50.45:006][988]LogShaderCompilers: Display: Shaders left to compile 12
[2018.09.11-00.50.45:006][988]LogShaderCompilers: Display: Shaders left to compile 2
[2018.09.11-00.50.45:069][988]LogStaticMesh: Building static mesh portalbutton_Stm_button01...
[2018.09.11-00.50.45:354][988]LogStaticMesh: Built static mesh [0.28s] /Game/ThirdPersonBP/portalbutton_Stm_button01.portalbutton_Stm_button01
[2018.09.11-00.50.45:384][988]LogStaticMesh: Warning: portalbutton_Stm_button01 has some nearly zero tangents which can create some issues. (Tolerance of 1E-4)
[2018.09.11-00.50.45:384][988]LogStaticMesh: Warning: portalbutton_Stm_button01 has some nearly zero bi-normals which can create some issues. (Tolerance of 1E-4)
[2018.09.11-00.50.45:431][988]LogStaticMesh: Building static mesh portalbutton_Stm_button02...
[2018.09.11-00.50.45:454][988]LogStaticMesh: Built static mesh [0.02s] /Game/ThirdPersonBP/portalbutton_Stm_button02.portalbutton_Stm_button02
[2018.09.11-00.50.45:465][988]FBXImport: Warning: portalbutton_Stm_button01 has some nearly zero tangents which can create some issues. (Tolerance of 1E-4) 
[2018.09.11-00.50.45:465][988]FBXImport: Warning: portalbutton_Stm_button01 has some nearly zero bi-normals which can create some issues. (Tolerance of 1E-4) 
[2018.09.11-00.50.50:259][547]LogSlate: Window 'Message Log' being destroyed
[2018.09.11-00.50.50:262][547]LogSlate: Window 'Message Log' being destroyed
[2018.09.11-00.50.57:680][141]LogSlate: Window 'Delete Assets' being destroyed
[2018.09.11-00.51.27:218][411]LogFactory: FactoryCreateFile: Texture with ReimportTextureFactory (0 0 E:/Downloads/portalbutton/Button.bmp)
[2018.09.11-00.51.27:228][411]LogTexture: Display: Building textures: Button (AutoDXT, 1024X1024)
[2018.09.11-00.51.27:406][411]LogFactory: FactoryCreateFile: StaticMesh with FbxFactory (0 0 E:/Downloads/portalbutton/portalbutton.obj)
[2018.09.11-00.51.27:415][411]LogFbx: Loading FBX Scene from E:/Downloads/portalbutton/portalbutton.obj
[2018.09.11-00.51.32:015][411]LogFbx: FBX Scene Loaded Succesfully
[2018.09.11-00.51.33:520][411]LogSlate: Window 'FBX Import Options' being destroyed
[2018.09.11-00.51.33:540][411]LogFbxMaterialImport: Warning: Unable to find Texture file D:\Modellek\portalbutton\Button.bmp
[2018.09.11-00.51.33:546][411]LogMaterial: Display: Missing cached shader map for material 01___Default, compiling. 
[2018.09.11-00.51.33:665][411]LogShaderCompilers: Display: Shaders left to compile 22
[2018.09.11-00.51.33:665][411]LogShaderCompilers: Display: Shaders left to compile 12
[2018.09.11-00.51.33:665][411]LogShaderCompilers: Display: Shaders left to compile 2
[2018.09.11-00.51.33:750][411]LogStaticMesh: Building static mesh portalbutton_Stm_button01...
[2018.09.11-00.51.34:039][411]LogStaticMesh: Built static mesh [0.29s] /Game/ThirdPersonBP/BoutonPressoir_Blueprint/portalbutton_Stm_button01.portalbutton_Stm_button01
[2018.09.11-00.51.34:067][411]LogStaticMesh: Warning: portalbutton_Stm_button01 has some nearly zero tangents which can create some issues. (Tolerance of 1E-4)
[2018.09.11-00.51.34:067][411]LogStaticMesh: Warning: portalbutton_Stm_button01 has some nearly zero bi-normals which can create some issues. (Tolerance of 1E-4)
[2018.09.11-00.51.34:115][411]LogStaticMesh: Building static mesh portalbutton_Stm_button02...
[2018.09.11-00.51.34:137][411]LogStaticMesh: Built static mesh [0.02s] /Game/ThirdPersonBP/BoutonPressoir_Blueprint/portalbutton_Stm_button02.portalbutton_Stm_button02
[2018.09.11-00.51.34:149][411]FBXImport: Warning: portalbutton_Stm_button01 has some nearly zero tangents which can create some issues. (Tolerance of 1E-4) 
[2018.09.11-00.51.34:149][411]FBXImport: Warning: portalbutton_Stm_button01 has some nearly zero bi-normals which can create some issues. (Tolerance of 1E-4) 
[2018.09.11-00.51.35:416][549]LogSlate: Window 'Message Log' being destroyed
[2018.09.11-00.51.35:417][549]LogSlate: Window 'Message Log' being destroyed
[2018.09.11-00.51.38:732][936]LogMaterial: Warning: Material /Game/ThirdPersonBP/BoutonPressoir_Blueprint/01___Default.01___Default needed to have new flag set bUsedWithStaticLighting !
[2018.09.11-00.51.38:736][936]LogMaterial: Display: Missing cached shader map for material 01___Default, compiling. 
[2018.09.11-00.51.38:759][937]LogShaderCompilers: Display: Shaders left to compile 31
[2018.09.11-00.51.38:759][937]LogShaderCompilers: Display: Shaders left to compile 21
[2018.09.11-00.51.38:759][937]LogShaderCompilers: Display: Shaders left to compile 11
[2018.09.11-00.51.39:701][ 45]Cmd: TRANSACTION UNDO
[2018.09.11-00.51.39:701][ 45]LogEditorTransaction: Undo Create Actors
[2018.09.11-00.51.41:087][197]LogSlate: FSceneViewport::OnFocusLost() reason 0
[2018.09.11-00.51.41:249][214]LogActorFactory: Actor Factory created portalbutton_Stm_button01
[2018.09.11-00.51.41:533][238]LogShaderCompilers: Display: Shaders left to compile 1
[2018.09.11-00.51.41:594][244]LogActorFactory: Actor Factory created portalbutton_Stm_button01
[2018.09.11-00.51.45:209][667]Cmd: TRANSACTION UNDO
[2018.09.11-00.51.45:209][667]LogEditorTransaction: Undo Rotate Actors
[2018.09.11-00.51.45:657][718]Cmd: TRANSACTION UNDO
[2018.09.11-00.51.45:657][718]LogEditorTransaction: Undo Create Actors
[2018.09.11-00.51.48:805][ 91]LogSlate: FSceneViewport::OnFocusLost() reason 0
[2018.09.11-00.52.26:094][367]LogSlate: Window 'Pick Parent Class' being destroyed
[2018.09.11-00.52.35:020][433]LogAssetEditorManager: Opening Asset editor for Blueprint /Game/ThirdPersonBP/BoutonPressoir.BoutonPressoir
[2018.09.11-00.52.35:557][433]LogContentBrowser: Native class hierarchy updated for 'BlueprintGraph' in 0.0006 seconds. Added 116 classes and 0 folders.
[2018.09.11-00.52.40:902][958]LogSlate: Window 'BoutonPressoir*' being destroyed
[2018.09.11-00.52.40:905][958]LogSlate: Window 'BoutonPressoir*' being destroyed
[2018.09.11-00.52.44:807][281]LogSlate: Window 'Delete Assets' being destroyed
[2018.09.11-00.52.50:909][999]LogActorFactory: Actor Factory created portalbutton_Stm_button02
[2018.09.11-00.52.51:244][ 34]LogActorFactory: Actor Factory created portalbutton_Stm_button02
[2018.09.11-00.52.54:868][462]Cmd: TRANSACTION UNDO
[2018.09.11-00.52.54:868][462]LogEditorTransaction: Undo Rotate Actors
[2018.09.11-00.52.55:315][513]Cmd: TRANSACTION UNDO
[2018.09.11-00.52.55:315][513]LogEditorTransaction: Undo Create Actors
[2018.09.11-00.52.56:486][650]LogSlate: FSceneViewport::OnFocusLost() reason 0
[2018.09.11-00.52.57:751][799]Cmd: TRANSACTION UNDO
[2018.09.11-00.52.57:751][799]LogEditorTransaction: Undo Create Actors
[2018.09.11-00.53.05:450][721]LogSlate: FSceneViewport::OnFocusLost() reason 0
[2018.09.11-00.53.37:792][749]LogFileHelpers: Editor autosave (incl. sublevels) for '/Game/ThirdPersonBP/Maps/ThirdPersonExampleMap' took 0.022
[2018.09.11-00.53.37:796][749]OBJ SavePackage: Generating thumbnails for [1] asset(s) in package [/Game/ThirdPersonBP/BoutonPressoir_Blueprint/portalbutton_Stm_button01] ([1] browsable assets)...
[2018.09.11-00.53.37:809][749]OBJ SavePackage:     Rendered thumbnail for [StaticMesh /Game/ThirdPersonBP/BoutonPressoir_Blueprint/portalbutton_Stm_button01.portalbutton_Stm_button01]
[2018.09.11-00.53.37:809][749]OBJ SavePackage: Finished generating thumbnails for package [/Game/ThirdPersonBP/BoutonPressoir_Blueprint/portalbutton_Stm_button01]
[2018.09.11-00.53.37:834][749]LogSavePackage: Moving '../../../../../../Unreal Projects/projet-unreal-2018-Mezeeh/OSPlatesformeur/Saved/portalbutton_Stm_button01_Auto2720DE09C42E3505501B5D49EB72B6A5C.tmp' to '../../../../../../Unreal Projects/projet-unreal-2018-Mezeeh/OSPlatesformeur/Saved/Autosaves/Game/ThirdPersonBP/BoutonPressoir_Blueprint/portalbutton_Stm_button01_Auto2.uasset'
[2018.09.11-00.53.37:838][749]OBJ SavePackage: Generating thumbnails for [1] asset(s) in package [/Game/ThirdPersonBP/BoutonPressoir_Blueprint/portalbutton_Stm_button02] ([1] browsable assets)...
[2018.09.11-00.53.37:850][749]OBJ SavePackage:     Rendered thumbnail for [StaticMesh /Game/ThirdPersonBP/BoutonPressoir_Blueprint/portalbutton_Stm_button02.portalbutton_Stm_button02]
[2018.09.11-00.53.37:850][749]OBJ SavePackage: Finished generating thumbnails for package [/Game/ThirdPersonBP/BoutonPressoir_Blueprint/portalbutton_Stm_button02]
[2018.09.11-00.53.37:869][749]LogSavePackage: Moving '../../../../../../Unreal Projects/projet-unreal-2018-Mezeeh/OSPlatesformeur/Saved/portalbutton_Stm_button02_Auto2B5220EAF48779FE7860C67B917ECDEE4.tmp' to '../../../../../../Unreal Projects/projet-unreal-2018-Mezeeh/OSPlatesformeur/Saved/Autosaves/Game/ThirdPersonBP/BoutonPressoir_Blueprint/portalbutton_Stm_button02_Auto2.uasset'
[2018.09.11-00.53.37:874][749]OBJ SavePackage: Generating thumbnails for [1] asset(s) in package [/Game/ThirdPersonBP/BoutonPressoir_Blueprint/01___Default] ([1] browsable assets)...
[2018.09.11-00.53.37:885][749]OBJ SavePackage:     Rendered thumbnail for [Material /Game/ThirdPersonBP/BoutonPressoir_Blueprint/01___Default.01___Default]
[2018.09.11-00.53.37:885][749]OBJ SavePackage: Finished generating thumbnails for package [/Game/ThirdPersonBP/BoutonPressoir_Blueprint/01___Default]
[2018.09.11-00.53.37:905][749]LogSavePackage: Moving '../../../../../../Unreal Projects/projet-unreal-2018-Mezeeh/OSPlatesformeur/Saved/01___Default_Auto2175A431D43977704ECBBF3ABA5DA7746.tmp' to '../../../../../../Unreal Projects/projet-unreal-2018-Mezeeh/OSPlatesformeur/Saved/Autosaves/Game/ThirdPersonBP/BoutonPressoir_Blueprint/01___Default_Auto2.uasset'
[2018.09.11-00.53.37:909][749]OBJ SavePackage: Generating thumbnails for [1] asset(s) in package [/Game/ThirdPersonBP/BoutonPressoir_Blueprint/Button] ([1] browsable assets)...
[2018.09.11-00.53.37:915][749]OBJ SavePackage:     Rendered thumbnail for [Texture2D /Game/ThirdPersonBP/BoutonPressoir_Blueprint/Button.Button]
[2018.09.11-00.53.37:915][749]OBJ SavePackage: Finished generating thumbnails for package [/Game/ThirdPersonBP/BoutonPressoir_Blueprint/Button]
[2018.09.11-00.53.37:937][749]LogSavePackage: Moving '../../../../../../Unreal Projects/projet-unreal-2018-Mezeeh/OSPlatesformeur/Saved/Button_Auto29AB1A6184208E4C9B56BA3ACB2AD8E5F.tmp' to '../../../../../../Unreal Projects/projet-unreal-2018-Mezeeh/OSPlatesformeur/Saved/Autosaves/Game/ThirdPersonBP/BoutonPressoir_Blueprint/Button_Auto2.uasset'
[2018.09.11-00.53.37:941][749]LogFileHelpers: Auto-saving content packages took 0.147
[2018.09.11-00.54.36:790][ 92]LogAssetEditorManager: Opening Asset editor for StaticMesh /Game/ThirdPersonBP/BoutonPressoir_Blueprint/portalbutton_Stm_button01.portalbutton_Stm_button01
[2018.09.11-00.55.12:528][280]LogSlate: Window 'portalbutton_Stm_button01*' being destroyed
[2018.09.11-00.55.12:530][280]LogSlate: Window 'portalbutton_Stm_button01*' being destroyed
[2018.09.11-00.57.37:890][681]LogHttp: Warning: 0000016C22E5DBC0: request failed, libcurl error: 6 (Couldn't resolve host name)
[2018.09.11-00.57.37:890][681]LogHttp: Warning: 0000016C22E5DBC0: libcurl info message cache 0 (Connection 11 seems to be dead!)
[2018.09.11-00.57.37:890][681]LogHttp: Warning: 0000016C22E5DBC0: libcurl info message cache 1 (Closing connection 11)
[2018.09.11-00.57.37:890][681]LogHttp: Warning: 0000016C22E5DBC0: libcurl info message cache 2 (TLSv1.2 (OUT), TLS alert, Client hello (1):)
[2018.09.11-00.57.37:890][681]LogHttp: Warning: 0000016C22E5DBC0: libcurl info message cache 3 (Could not resolve host: datarouter.ol.epicgames.com)
[2018.09.11-00.57.37:890][681]LogHttp: Warning: 0000016C22E5DBC0: libcurl info message cache 4 (Closing connection 12)
[2018.09.11-01.03.38:474][497]LogFileHelpers: Editor autosave (incl. sublevels) for '/Game/ThirdPersonBP/Maps/ThirdPersonExampleMap' took 0.020
[2018.09.11-01.04.15:559][902]LogSlate: Window 'Delete Assets' being destroyed
[2018.09.11-01.05.12:435][ 15]LogFactory: FactoryCreateFile: Texture with ReimportTextureFactory (0 0 C:/Users/Michael/Desktop/portalbutton/Button.bmp)
[2018.09.11-01.05.12:448][ 15]LogTexture: Display: Building textures: Button (AutoDXT, 1024X1024)
[2018.09.11-01.05.12:630][ 15]LogFactory: FactoryCreateFile: StaticMesh with FbxFactory (0 0 C:/Users/Michael/Desktop/portalbutton/portalbutton.obj)
[2018.09.11-01.05.12:639][ 15]LogFbx: Loading FBX Scene from C:/Users/Michael/Desktop/portalbutton/portalbutton.obj
[2018.09.11-01.05.17:298][ 15]LogFbx: FBX Scene Loaded Succesfully
[2018.09.11-01.05.19:630][ 15]LogSlate: Window 'FBX Import Options' being destroyed
[2018.09.11-01.05.19:653][ 15]LogFbxMaterialImport: Warning: Unable to find Texture file D:\Modellek\portalbutton\Button.bmp
[2018.09.11-01.05.19:659][ 15]LogMaterial: Display: Missing cached shader map for material 01___Default, compiling. 
[2018.09.11-01.05.19:779][ 15]LogShaderCompilers: Display: Shaders left to compile 22
[2018.09.11-01.05.19:780][ 15]LogShaderCompilers: Display: Shaders left to compile 12
[2018.09.11-01.05.19:780][ 15]LogShaderCompilers: Display: Shaders left to compile 2
[2018.09.11-01.05.19:843][ 15]LogStaticMesh: Building static mesh portalbutton_Stm_button01...
[2018.09.11-01.05.20:128][ 15]LogStaticMesh: Built static mesh [0.29s] /Game/ThirdPersonBP/Assets/portalbutton_Stm_button01.portalbutton_Stm_button01
[2018.09.11-01.05.20:158][ 15]LogStaticMesh: Warning: portalbutton_Stm_button01 has some nearly zero tangents which can create some issues. (Tolerance of 1E-4)
[2018.09.11-01.05.20:158][ 15]LogStaticMesh: Warning: portalbutton_Stm_button01 has some nearly zero bi-normals which can create some issues. (Tolerance of 1E-4)
[2018.09.11-01.05.20:211][ 15]LogStaticMesh: Building static mesh portalbutton_Stm_button02...
[2018.09.11-01.05.20:234][ 15]LogStaticMesh: Built static mesh [0.02s] /Game/ThirdPersonBP/Assets/portalbutton_Stm_button02.portalbutton_Stm_button02
[2018.09.11-01.05.20:247][ 15]FBXImport: Warning: portalbutton_Stm_button01 has some nearly zero tangents which can create some issues. (Tolerance of 1E-4) 
[2018.09.11-01.05.20:247][ 15]FBXImport: Warning: portalbutton_Stm_button01 has some nearly zero bi-normals which can create some issues. (Tolerance of 1E-4) 
[2018.09.11-01.05.26:456][741]LogSlate: Window 'Message Log' being destroyed
[2018.09.11-01.05.26:458][741]LogSlate: Window 'Message Log' being destroyed
[2018.09.11-01.05.29:870][868]LogAssetTools: Warning: Failed to import 'C:\Users\Michael\Desktop\portalbutton\portalbutton.mtl'. Unknown extension 'mtl'.
[2018.09.11-01.05.39:081][582]LogAssetEditorManager: Opening Asset editor for Material /Game/ThirdPersonBP/Assets/01___Default.01___Default
[2018.09.11-01.05.39:086][582]LogMaterial: Display: Missing cached shader map for material 01___Default, compiling. 
[2018.09.11-01.05.39:170][582]LogMaterial: Display: Missing cached shader map for material 01___Default, compiling. 
[2018.09.11-01.05.39:197][582]LogShaderCompilers: Display: Shaders left to compile 21
[2018.09.11-01.05.39:197][582]LogShaderCompilers: Display: Shaders left to compile 20
[2018.09.11-01.05.39:197][582]LogShaderCompilers: Display: Shaders left to compile 19
[2018.09.11-01.05.39:209][582]LogMaterial: Display: Missing cached shader map for material FMatExpressionPreview MaterialExpressionVectorParameter_0, compiling. 
[2018.09.11-01.05.39:247][582]LogSlate: Took 0.007364 seconds to synchronously load lazily loaded font '../../../Engine/Content/Slate/Fonts/Roboto-BoldCondensed.ttf' (158K)
[2018.09.11-01.05.39:620][610]LogShaderCompilers: Display: Shaders left to compile 20
[2018.09.11-01.05.39:674][616]LogShaderCompilers: Display: Shaders left to compile 19
[2018.09.11-01.05.39:721][621]LogShaderCompilers: Display: Shaders left to compile 18
[2018.09.11-01.05.40:017][650]LogShaderCompilers: Display: Shaders left to compile 17
[2018.09.11-01.05.40:093][658]LogShaderCompilers: Display: Shaders left to compile 16
[2018.09.11-01.05.40:204][671]LogShaderCompilers: Display: Shaders left to compile 15
[2018.09.11-01.05.40:341][685]LogShaderCompilers: Display: Shaders left to compile 14
[2018.09.11-01.05.40:368][688]LogShaderCompilers: Display: Shaders left to compile 13
[2018.09.11-01.05.40:652][721]LogShaderCompilers: Display: Shaders left to compile 12
[2018.09.11-01.05.41:123][776]LogShaderCompilers: Display: Shaders left to compile 11
[2018.09.11-01.05.41:141][778]LogShaderCompilers: Display: Shaders left to compile 10
[2018.09.11-01.05.41:209][786]LogShaderCompilers: Display: Shaders left to compile 9
[2018.09.11-01.05.41:486][818]LogSlate: Window '01___Default*' being destroyed
[2018.09.11-01.05.41:489][818]LogSlate: Window '01___Default*' being destroyed
[2018.09.11-01.05.41:555][818]LogShaderCompilers: Display: Shaders left to compile 6
[2018.09.11-01.05.41:629][824]LogShaderCompilers: Display: Shaders left to compile 5
[2018.09.11-01.05.41:769][840]LogShaderCompilers: Display: Shaders left to compile 4
[2018.09.11-01.05.42:177][886]LogShaderCompilers: Display: Shaders left to compile 3
[2018.09.11-01.05.42:280][898]LogShaderCompilers: Display: Shaders left to compile 2
[2018.09.11-01.05.42:455][918]LogShaderCompilers: Display: Shaders left to compile 1
[2018.09.11-01.05.42:637][937]LogAssetEditorManager: Opening Asset editor for StaticMesh /Game/ThirdPersonBP/Assets/portalbutton_Stm_button01.portalbutton_Stm_button01
[2018.09.11-01.05.58:643][795]LogSlate: Window 'portalbutton_Stm_button01*' being destroyed
[2018.09.11-01.05.58:645][795]LogSlate: Window 'portalbutton_Stm_button01*' being destroyed
[2018.09.11-01.06.03:434][231]LogSlate: Window 'Pick Parent Class' being destroyed
[2018.09.11-01.06.14:312][530]LogAssetEditorManager: Opening Asset editor for Blueprint /Game/ThirdPersonBP/Assets/BoutonPressoir.BoutonPressoir
[2018.09.11-01.06.18:782][ 21]LogSlate: Window 'BoutonPressoir*' being destroyed
[2018.09.11-01.06.18:784][ 21]LogSlate: Window 'BoutonPressoir*' being destroyed
[2018.09.11-01.06.22:895][380]LogSlate: Window 'Delete Assets' being destroyed
[2018.09.11-01.07.19:856][ 74]LogSlate: Window 'Pick Parent Class' being destroyed
[2018.09.11-01.07.26:022][809]LogAssetEditorManager: Opening Asset editor for Blueprint /Game/ThirdPersonBP/Assets/BoutonPressoir.BoutonPressoir
[2018.09.11-01.08.40:461][656]LogActorFactory: Actor Factory created portalbutton_Stm_button01
[2018.09.11-01.08.41:081][729]LogSlate: FSceneViewport::OnFocusLost() reason 2
[2018.09.11-01.08.44:292][ 81]LogSlate: FSceneViewport::OnFocusLost() reason 2
[2018.09.11-01.08.56:674][548]LogSlate: FSceneViewport::OnFocusLost() reason 0
[2018.09.11-01.09.17:677][ 26]LogActorFactory: Actor Factory created portalbutton_Stm_button02
[2018.09.11-01.09.18:397][109]LogSlate: FSceneViewport::OnFocusLost() reason 2
[2018.09.11-01.09.39:957][603]LogEditorTransaction: Undo Edit Static Mesh
[2018.09.11-01.09.49:554][686]LogSlate: FSceneViewport::OnFocusLost() reason 0
[2018.09.11-01.10.08:572][659]LogAssetTools: Warning: Failed to import 'C:\Users\Michael\Desktop\portalbutton\portalbutton.mtl'. Unknown extension 'mtl'.
[2018.09.11-01.11.25:572][709]LogSlate: FSceneViewport::OnFocusLost() reason 0
[2018.09.11-01.11.26:677][839]LogSlate: Window 'BoutonPressoir*' being destroyed
[2018.09.11-01.11.26:680][839]LogSlate: Window 'BoutonPressoir*' being destroyed
[2018.09.11-01.11.36:140][945]LogMaterial: Display: Missing cached shader map for material Button_Mat, compiling. 
[2018.09.11-01.11.36:161][946]LogShaderCompilers: Display: Shaders left to compile 22
[2018.09.11-01.11.36:161][946]LogShaderCompilers: Display: Shaders left to compile 12
[2018.09.11-01.11.36:161][946]LogShaderCompilers: Display: Shaders left to compile 2
[2018.09.11-01.11.40:148][295]LogSlate: Window 'Delete Assets' being destroyed
[2018.09.11-01.11.56:037][182]LogMaterial: Display: Missing cached shader map for material Button_Mat, compiling. 
[2018.09.11-01.11.56:057][183]LogShaderCompilers: Display: Shaders left to compile 22
[2018.09.11-01.11.56:057][183]LogShaderCompilers: Display: Shaders left to compile 12
[2018.09.11-01.11.56:057][183]LogShaderCompilers: Display: Shaders left to compile 2
[2018.09.11-01.11.59:781][618]LogAssetEditorManager: Opening Asset editor for StaticMesh /Game/ThirdPersonBP/Assets/portalbutton_Stm_button01.portalbutton_Stm_button01
[2018.09.11-01.12.10:462][839]LogSlate: Window 'portalbutton_Stm_button01*' being destroyed
[2018.09.11-01.12.10:465][839]LogSlate: Window 'portalbutton_Stm_button01*' being destroyed
[2018.09.11-01.12.11:737][979]LogAssetEditorManager: Opening Asset editor for StaticMesh /Game/ThirdPersonBP/Assets/portalbutton_Stm_button02.portalbutton_Stm_button02
[2018.09.11-01.12.16:163][480]LogSlate: Window 'portalbutton_Stm_button02*' being destroyed
[2018.09.11-01.12.16:166][480]LogSlate: Window 'portalbutton_Stm_button02*' being destroyed
[2018.09.11-01.12.16:646][526]Cmd: TRANSACTION UNDO
[2018.09.11-01.12.16:646][526]LogEditorTransaction: Undo StaticMesh: Material changed
[2018.09.11-01.12.19:630][865]LogAssetEditorManager: Opening Asset editor for Blueprint /Game/ThirdPersonBP/Assets/BoutonPressoir.BoutonPressoir
[2018.09.11-01.12.42:664][461]LogSlate: Window 'BoutonPressoir*' being destroyed
[2018.09.11-01.12.42:667][461]LogSlate: Window 'BoutonPressoir*' being destroyed
[2018.09.11-01.12.50:920][307]Cmd: TRANSACTION UNDO
[2018.09.11-01.12.50:920][307]LogEditorTransaction: Undo Create Actors
[2018.09.11-01.12.53:868][654]LogSlate: FSceneViewport::OnFocusLost() reason 0
[2018.09.11-01.12.59:853][339]LogEditorViewport: Clicking on Actor (LMB): StaticMeshActor (Floor)
[2018.09.11-01.13.10:658][622]LogSlate: FSceneViewport::OnFocusLost() reason 0
[2018.09.11-01.13.10:818][640]LogAssetEditorManager: Opening Asset editor for Blueprint /Game/ThirdPersonBP/Assets/BoutonPressoir.BoutonPressoir
[2018.09.11-01.13.34:062][159]LogSlate: FSceneViewport::OnFocusLost() reason 0
[2018.09.11-01.13.49:827][906]LogSlate: FSceneViewport::OnFocusLost() reason 0
[2018.09.11-01.14.08:230][946]LogSlate: FSceneViewport::OnFocusLost() reason 0
[2018.09.11-01.14.55:504][ 91]LogSlate: FSceneViewport::OnFocusLost() reason 0
[2018.09.11-01.15.02:051][813]LogSlate: FSceneViewport::OnFocusLost() reason 0
[2018.09.11-01.15.30:574][884]LogSlate: FSceneViewport::OnFocusLost() reason 0
[2018.09.11-01.15.55:362][658]LogSlate: FSceneViewport::OnFocusLost() reason 0
[2018.09.11-01.16.21:331][490]LogSlate: FSceneViewport::OnFocusLost() reason 0
[2018.09.11-01.16.28:596][262]LogSlate: FSceneViewport::OnFocusLost() reason 0
[2018.09.11-01.16.28:705][275]BlueprintLog: New page: Compile BoutonPressoir
[2018.09.11-01.16.29:822][356]LogSavePackage: Moving '../../../../../../Unreal Projects/projet-unreal-2018-Mezeeh/OSPlatesformeur/Saved/BoutonPressoir9AF0E6B04D8098D4D5489B9849A3C8ED.tmp' to '../../../../../../Unreal Projects/projet-unreal-2018-Mezeeh/OSPlatesformeur/Content/ThirdPersonBP/Assets/BoutonPressoir.uasset'
[2018.09.11-01.16.30:866][465]LogSlate: Window 'BoutonPressoir' being destroyed
[2018.09.11-01.16.30:868][465]LogSlate: Window 'BoutonPressoir' being destroyed
[2018.09.11-01.16.53:561][ 90]LogSavePackage: Moving '../../../../../../Unreal Projects/projet-unreal-2018-Mezeeh/OSPlatesformeur/Saved/01___DefaultA3FDF5E64A4EBBF9BDAE9EA980C6F638.tmp' to '../../../../../../Unreal Projects/projet-unreal-2018-Mezeeh/OSPlatesformeur/Content/ThirdPersonBP/Assets/BoutonPressoir/01___Default.uasset'
[2018.09.11-01.16.53:679][ 90]LogSavePackage: Moving '../../../../../../Unreal Projects/projet-unreal-2018-Mezeeh/OSPlatesformeur/Saved/ButtonF799B73248C094A9FDDBC6A8A813F871.tmp' to '../../../../../../Unreal Projects/projet-unreal-2018-Mezeeh/OSPlatesformeur/Content/ThirdPersonBP/Assets/BoutonPressoir/Button.uasset'
[2018.09.11-01.16.53:719][ 90]LogSavePackage: Moving '../../../../../../Unreal Projects/projet-unreal-2018-Mezeeh/OSPlatesformeur/Saved/Button_Mat9D24FCC74DD4FA02163C84B8F74B55C1.tmp' to '../../../../../../Unreal Projects/projet-unreal-2018-Mezeeh/OSPlatesformeur/Content/ThirdPersonBP/Assets/BoutonPressoir/Button_Mat.uasset'
[2018.09.11-01.16.53:756][ 90]LogSavePackage: Moving '../../../../../../Unreal Projects/projet-unreal-2018-Mezeeh/OSPlatesformeur/Saved/portalbutton_Stm_button010DF9F8504E52A7ACCB5FE48566CE1330.tmp' to '../../../../../../Unreal Projects/projet-unreal-2018-Mezeeh/OSPlatesformeur/Content/ThirdPersonBP/Assets/BoutonPressoir/portalbutton_Stm_button01.uasset'
[2018.09.11-01.16.53:792][ 90]LogSavePackage: Moving '../../../../../../Unreal Projects/projet-unreal-2018-Mezeeh/OSPlatesformeur/Saved/portalbutton_Stm_button0296E296374B76B52B2DE459ABFC1C2C09.tmp' to '../../../../../../Unreal Projects/projet-unreal-2018-Mezeeh/OSPlatesformeur/Content/ThirdPersonBP/Assets/BoutonPressoir/portalbutton_Stm_button02.uasset'
[2018.09.11-01.16.54:310][ 90]LogSavePackage: Moving '../../../../../../Unreal Projects/projet-unreal-2018-Mezeeh/OSPlatesformeur/Saved/BoutonPressoirF7364AD247816AAB3EF3F4AA05A08B78.tmp' to '../../../../../../Unreal Projects/projet-unreal-2018-Mezeeh/OSPlatesformeur/Content/ThirdPersonBP/Assets/BoutonPressoir.uasset'
[2018.09.11-01.16.58:083][533]LogSlate: FSceneViewport::OnFocusLost() reason 2
[2018.09.11-01.17.02:054][  9]Cmd: EDIT CUT
[2018.09.11-01.17.02:070][  9]LogEditorActor: Deleted Actor: StaticMeshActor
[2018.09.11-01.17.02:094][  9]LogEditorActor: Deleted 1 Actors (0.026 secs)
[2018.09.11-01.17.03:250][148]Cmd: TRANSACTION UNDO
[2018.09.11-01.17.03:250][148]LogEditorTransaction: Undo Cut
[2018.09.11-01.17.22:985][473]LogAssetEditorManager: Opening Asset editor for Blueprint /Game/ThirdPersonBP/Assets/BoutonPressoir.BoutonPressoir
[2018.09.11-01.17.24:761][638]LogSlate: Window 'BoutonPressoir' being destroyed
[2018.09.11-01.17.24:764][638]LogSlate: Window 'BoutonPressoir' being destroyed
[2018.09.11-01.17.30:916][335]LogSavePackage: Moving '../../../../../../Unreal Projects/projet-unreal-2018-Mezeeh/OSPlatesformeur/Saved/BoutonPressoirD29759B14BC323707F74F78BDDE7A275.tmp' to '../../../../../../Unreal Projects/projet-unreal-2018-Mezeeh/OSPlatesformeur/Content/ThirdPersonBP/Assets/BoutonPressoir.uasset'
[2018.09.11-01.17.34:243][730]LogEditorViewport: Clicking on Actor (LMB): BoutonPressoir_C (BoutonPressoir)
[2018.09.11-01.17.35:340][858]Cmd: DELETE
[2018.09.11-01.17.35:340][858]Cmd: ACTOR DELETE
[2018.09.11-01.17.35:342][858]LogEditorActor: Deleted Actor: BoutonPressoir_C
[2018.09.11-01.17.35:366][858]LogEditorActor: Deleted 1 Actors (0.026 secs)
[2018.09.11-01.17.36:899][ 42]LogSlate: FSceneViewport::OnFocusLost() reason 0
[2018.09.11-01.17.40:946][504]LogEditorViewport: Clicking on Actor (LMB): StaticMeshActor (Floor)
[2018.09.11-01.17.48:931][451]Cmd: TRANSACTION UNDO
[2018.09.11-01.17.48:931][451]LogEditorTransaction: Undo Clicking on Actors
[2018.09.11-01.17.49:643][532]Cmd: TRANSACTION UNDO
[2018.09.11-01.17.49:643][532]LogEditorTransaction: Undo Rotate Actors
[2018.09.11-01.17.50:134][590]Cmd: TRANSACTION UNDO
[2018.09.11-01.17.50:135][590]LogEditorTransaction: Undo Create Actors
[2018.09.11-01.17.57:386][459]LogSlate: FSceneViewport::OnFocusLost() reason 0
[2018.09.11-01.18.01:270][900]Cmd: TRANSACTION UNDO
[2018.09.11-01.18.01:270][900]LogEditorTransaction: Undo Rotate Actors
[2018.09.11-01.18.08:002][703]LogEditorViewport: Clicking on Actor (LMB): StaticMeshActor (Floor)
[2018.09.11-01.18.33:439][746]LogSlate: FSceneViewport::OnFocusLost() reason 2
[2018.09.11-01.18.33:639][746]LogSavePackage: Moving '../../../../../../Unreal Projects/projet-unreal-2018-Mezeeh/OSPlatesformeur/Saved/ThirdPersonExampleMap_Auto3390EE95F418D3A03C453B3B0834571A9.tmp' to '../../../../../../Unreal Projects/projet-unreal-2018-Mezeeh/OSPlatesformeur/Saved/Autosaves/Game/ThirdPersonBP/Maps/ThirdPersonExampleMap_Auto3.umap'
[2018.09.11-01.18.33:649][746]LogFileHelpers: Editor autosave (incl. sublevels) for '/Game/ThirdPersonBP/Maps/ThirdPersonExampleMap' took 0.182
[2018.09.11-01.18.33:649][746]LogFileHelpers: Editor autosave (incl. sublevels) for all levels took 0.182
[2018.09.11-01.19.14:933][691]LogSlate: FSceneViewport::OnFocusLost() reason 0
[2018.09.11-01.19.15:095][709]LogAssetEditorManager: Opening Asset editor for Blueprint /Game/ThirdPersonBP/Assets/BoutonPressoir.BoutonPressoir
[2018.09.11-01.19.44:063][915]BlueprintLog: New page: Compile BoutonPressoir
[2018.09.11-01.19.44:710][961]LogSavePackage: Moving '../../../../../../Unreal Projects/projet-unreal-2018-Mezeeh/OSPlatesformeur/Saved/BoutonPressoirF71946234B0A7AE82A362199D0C07759.tmp' to '../../../../../../Unreal Projects/projet-unreal-2018-Mezeeh/OSPlatesformeur/Content/ThirdPersonBP/Assets/BoutonPressoir.uasset'
